C:\Program Files (x86)\MSBuild\Microsoft.Cpp\v4.0\V140\Microsoft.CppBuild.targets(392,5): warning MSB8028: The intermediate directory (Release\) contains files shared from another project (Lab9.vcxproj).  This can lead to incorrect clean and rebuild behavior.
  Main.cpp
Main.cpp(31): warning C4305: 'initializing': truncation from 'double' to 'float'
Main.cpp(32): warning C4305: 'initializing': truncation from 'double' to 'float'
Main.cpp(35): warning C4244: 'initializing': conversion from 'double' to 'float', possible loss of data
Main.cpp(36): warning C4244: 'initializing': conversion from 'double' to 'float', possible loss of data
Main.cpp(155): warning C4305: '+=': truncation from 'double' to 'float'
Main.cpp(159): warning C4305: '+=': truncation from 'double' to 'float'
Main.cpp(166): warning C4305: '+=': truncation from 'double' to 'float'
Main.cpp(173): warning C4305: '+=': truncation from 'double' to 'float'
Main.cpp(178): warning C4305: '+=': truncation from 'double' to 'float'
Main.cpp(199): warning C4244: '=': conversion from 'double' to 'float', possible loss of data
Main.cpp(205): warning C4244: '=': conversion from 'double' to 'float', possible loss of data
Main.cpp(211): warning C4244: '=': conversion from 'double' to 'float', possible loss of data
Main.cpp(217): warning C4244: '=': conversion from 'double' to 'float', possible loss of data
Main.cpp(224): warning C4305: '+=': truncation from 'double' to 'float'
Main.cpp(230): warning C4305: '-=': truncation from 'double' to 'float'
Main.cpp(307): warning C4244: '=': conversion from 'double' to 'float', possible loss of data
Main.cpp(308): warning C4244: '=': conversion from 'double' to 'float', possible loss of data
Main.cpp(309): warning C4244: '=': conversion from 'double' to 'float', possible loss of data
Main.cpp(371): warning C4305: 'argument': truncation from 'double' to 'GLclampf'
Main.cpp(471): warning C4244: '=': conversion from 'double' to 'float', possible loss of data
Main.cpp(472): warning C4244: '=': conversion from 'double' to 'float', possible loss of data
Main.cpp(476): warning C4244: 'initializing': conversion from 'double' to 'float', possible loss of data
Main.cpp(477): warning C4244: 'initializing': conversion from 'double' to 'float', possible loss of data
Main.cpp(478): warning C4244: '=': conversion from 'double' to 'float', possible loss of data
Main.cpp(479): warning C4244: '=': conversion from 'double' to 'float', possible loss of data
Main.cpp(480): warning C4305: 'initializing': truncation from 'double' to 'float'
Main.cpp(496): warning C4305: 'argument': truncation from 'double' to 'GLclampf'
LINK : warning LNK4098: defaultlib 'LIBCMT' conflicts with use of other libs; use /NODEFAULTLIB:library
  Generating code
  1 of 2274 functions ( 0.0%) were compiled, the rest were copied from previous compilation.
    0 functions were new in current compilation
    1 functions had inline decision re-evaluated but remain unchanged
  Finished generating code
Mesh.obj : warning LNK4049: locally defined symbol ___glewGenBuffers imported
Mesh.obj : warning LNK4049: locally defined symbol ___glewGenVertexArrays imported
Mesh.obj : warning LNK4049: locally defined symbol ___glewActiveTexture imported
Mesh.obj : warning LNK4049: locally defined symbol ___glewBufferData imported
Mesh.obj : warning LNK4049: locally defined symbol ___glewGetUniformLocation imported
Mesh.obj : warning LNK4049: locally defined symbol ___glewUniform1i imported
Mesh.obj : warning LNK4049: locally defined symbol ___glewBindBuffer imported
Mesh.obj : warning LNK4049: locally defined symbol ___glewVertexAttribPointer imported
Mesh.obj : warning LNK4049: locally defined symbol ___glewBindVertexArray imported
Mesh.obj : warning LNK4049: locally defined symbol ___glewEnableVertexAttribArray imported
Model3D.obj : warning LNK4049: locally defined symbol ___glewGenerateMipmap imported
Shader.obj : warning LNK4049: locally defined symbol ___glewLinkProgram imported
Shader.obj : warning LNK4049: locally defined symbol ___glewDeleteShader imported
Shader.obj : warning LNK4049: locally defined symbol ___glewGetProgramInfoLog imported
Shader.obj : warning LNK4049: locally defined symbol ___glewShaderSource imported
Shader.obj : warning LNK4049: locally defined symbol ___glewAttachShader imported
Shader.obj : warning LNK4049: locally defined symbol ___glewGetProgramiv imported
Shader.obj : warning LNK4049: locally defined symbol ___glewGetShaderInfoLog imported
Shader.obj : warning LNK4049: locally defined symbol ___glewCreateProgram imported
Shader.obj : warning LNK4049: locally defined symbol ___glewCreateShader imported
Shader.obj : warning LNK4049: locally defined symbol ___glewCompileShader imported
Shader.obj : warning LNK4049: locally defined symbol ___glewGetShaderiv imported
Shader.obj : warning LNK4049: locally defined symbol ___glewUseProgram imported
glew32s.lib(glew.obj) : warning LNK4099: PDB 'vc120.pdb' was not found with 'glew32s.lib(glew.obj)' or at 'C:\Users\vladb\Documents\Visual Studio 2015\Projects\Proiect2\Release\vc120.pdb'; linking object as if no debug info
  OpenGL_4_Application_VS2015.vcxproj -> C:\Users\vladb\Documents\Visual Studio 2015\Projects\Proiect2\Release\Project.exe
